<?xml version="1.0" encoding="UTF-8"?>
<!-- Generated by org.testng.reporters.JUnitXMLReporter -->
<testsuite hostname="ATMECSINLT-135" ignored="0" name="Test" tests="2" failures="0" timestamp="2019-08-02T18:06:25 IST" time="47.757" errors="0">
  <testcase name="testRecentRunsPage" time="2.768" classname="com.atmecs.falconrepoertdashboard.testscripts.recentruns.TestRecentRunJob"/>
  <testcase name="testRecentRunsPage" time="24.448" classname="com.atmecs.falconrepoertdashboard.testscripts.recentruns.TestRecentRunsFilters"/>
</testsuite> <!-- Test -->
