<?xml version="1.0" encoding="UTF-8"?>
<testng-results skipped="0" failed="0" ignored="0" total="1" passed="1">
  <reporter-output>
    <line>
      <![CDATA[PASS : Verify Recent run page appears]]>
    </line>
    <line>
      <![CDATA[PASS : Verify after click on header product name it sort correctly]]>
    </line>
  </reporter-output>
  <suite name="Default suite" duration-ms="33669" started-at="2019-08-09T07:13:45Z" finished-at="2019-08-09T07:14:19Z">
    <groups>
    </groups>
    <test name="Default test" duration-ms="33669" started-at="2019-08-09T07:13:45Z" finished-at="2019-08-09T07:14:19Z">
      <class name="com.atmecs.falconrepoertdashboard.testscripts.recentruns.TestRecentRunsFilters">
        <test-method status="PASS" signature="preSetup()[pri:0, instance:com.atmecs.falconrepoertdashboard.testscripts.recentruns.TestRecentRunsFilters@1f28c152]" name="preSetup" is-config="true" duration-ms="8926" started-at="2019-08-09T07:13:45Z" finished-at="2019-08-09T07:13:54Z">
          <reporter-output>
          </reporter-output>
        </test-method> <!-- preSetup -->
        <test-method status="PASS" signature="testRecentRunsFilters()[pri:0, instance:com.atmecs.falconrepoertdashboard.testscripts.recentruns.TestRecentRunsFilters@1f28c152]" name="testRecentRunsFilters" duration-ms="23670" started-at="2019-08-09T07:13:54Z" finished-at="2019-08-09T07:14:18Z">
          <reporter-output>
            <line>
              <![CDATA[PASS : Verify Recent run page appears]]>
            </line>
            <line>
              <![CDATA[PASS : Verify after click on header product name it sort correctly]]>
            </line>
          </reporter-output>
        </test-method> <!-- testRecentRunsFilters -->
        <test-method status="PASS" signature="tearDown()[pri:0, instance:com.atmecs.falconrepoertdashboard.testscripts.recentruns.TestRecentRunsFilters@1f28c152]" name="tearDown" is-config="true" duration-ms="1021" started-at="2019-08-09T07:14:18Z" finished-at="2019-08-09T07:14:19Z">
          <reporter-output>
          </reporter-output>
        </test-method> <!-- tearDown -->
      </class> <!-- com.atmecs.falconrepoertdashboard.testscripts.recentruns.TestRecentRunsFilters -->
    </test> <!-- Default test -->
  </suite> <!-- Default suite -->
</testng-results>
