<?xml version="1.0" encoding="UTF-8"?>
<testng-results skipped="0" failed="1" ignored="0" total="1" passed="0">
  <reporter-output>
  </reporter-output>
  <suite name="Default suite" duration-ms="23955" started-at="2019-07-30T20:00:50 IST" finished-at="2019-07-30T20:01:14 IST">
    <groups>
    </groups>
    <test name="Default test" duration-ms="23955" started-at="2019-07-30T20:00:50 IST" finished-at="2019-07-30T20:01:14 IST">
      <class name="com.falcon.falconwebtest.testscripts.recentruns.Sample">
        <test-method status="PASS" signature="preSetup()[pri:0, instance:com.falcon.falconwebtest.testscripts.recentruns.Sample@15d0c81b]" name="preSetup" is-config="true" duration-ms="7963" started-at="2019-07-30T20:00:50 IST" finished-at="2019-07-30T20:00:58 IST">
          <reporter-output>
          </reporter-output>
        </test-method> <!-- preSetup -->
        <test-method status="FAIL" signature="test()[pri:0, instance:com.falcon.falconwebtest.testscripts.recentruns.Sample@15d0c81b]" name="test" duration-ms="15923" started-at="2019-07-30T20:00:58 IST" finished-at="2019-07-30T20:01:14 IST">
          <exception class="java.lang.NullPointerException">
            <full-stacktrace>
              <![CDATA[java.lang.NullPointerException
at com.falcon.falconwebtest.pages.DashboardHome.clickNextPageAndGetListOfAllProduct(DashboardHome.java:88)
at com.falcon.falconwebtest.helpers.DashboardHomeHelper.getAll(DashboardHomeHelper.java:22)
at com.falcon.falconwebtest.testscripts.recentruns.Sample.test(Sample.java:35)
at sun.reflect.NativeMethodAccessorImpl.invoke0(Native Method)
at sun.reflect.NativeMethodAccessorImpl.invoke(Unknown Source)
at sun.reflect.DelegatingMethodAccessorImpl.invoke(Unknown Source)
at java.lang.reflect.Method.invoke(Unknown Source)
at org.testng.internal.MethodInvocationHelper.invokeMethod(MethodInvocationHelper.java:131)
at org.testng.internal.TestInvoker.invokeMethod(TestInvoker.java:570)
at org.testng.internal.TestInvoker.invokeTestMethod(TestInvoker.java:170)
at org.testng.internal.MethodRunner.runInSequence(MethodRunner.java:46)
at org.testng.internal.TestInvoker$MethodInvocationAgent.invoke(TestInvoker.java:790)
at org.testng.internal.TestInvoker.invokeTestMethods(TestInvoker.java:143)
at org.testng.internal.TestMethodWorker.invokeTestMethods(TestMethodWorker.java:146)
at org.testng.internal.TestMethodWorker.run(TestMethodWorker.java:128)
at org.testng.TestRunner.privateRun(TestRunner.java:763)
at org.testng.TestRunner.run(TestRunner.java:594)
at org.testng.SuiteRunner.runTest(SuiteRunner.java:398)
at org.testng.SuiteRunner.runSequentially(SuiteRunner.java:392)
at org.testng.SuiteRunner.privateRun(SuiteRunner.java:355)
at org.testng.SuiteRunner.run(SuiteRunner.java:304)
at org.testng.SuiteRunnerWorker.runSuite(SuiteRunnerWorker.java:53)
at org.testng.SuiteRunnerWorker.run(SuiteRunnerWorker.java:96)
at org.testng.TestNG.runSuitesSequentially(TestNG.java:1146)
at org.testng.TestNG.runSuitesLocally(TestNG.java:1067)
at org.testng.TestNG.runSuites(TestNG.java:997)
at org.testng.TestNG.run(TestNG.java:965)
at org.testng.remote.AbstractRemoteTestNG.run(AbstractRemoteTestNG.java:115)
at org.testng.remote.RemoteTestNG.initAndRun(RemoteTestNG.java:251)
at org.testng.remote.RemoteTestNG.main(RemoteTestNG.java:77)
]]>
            </full-stacktrace>
          </exception> <!-- java.lang.NullPointerException -->
          <reporter-output>
          </reporter-output>
        </test-method> <!-- test -->
        <test-method status="PASS" signature="tearDown()[pri:0, instance:com.falcon.falconwebtest.testscripts.recentruns.Sample@15d0c81b]" name="tearDown" is-config="true" duration-ms="1" started-at="2019-07-30T20:01:14 IST" finished-at="2019-07-30T20:01:14 IST">
          <reporter-output>
          </reporter-output>
        </test-method> <!-- tearDown -->
      </class> <!-- com.falcon.falconwebtest.testscripts.recentruns.Sample -->
    </test> <!-- Default test -->
  </suite> <!-- Default suite -->
</testng-results>
